<?xml version="1.0" encoding="UTF-8"?>
<coverage generated="1663687355145" clover="3.2.0">
  <project timestamp="1663687355145" name="All files">
    <metrics statements="57" coveredstatements="55" conditionals="13" coveredconditionals="11" methods="4" coveredmethods="4" elements="74" coveredelements="70" complexity="0" loc="57" ncloc="57" packages="1" files="3" classes="3"/>
    <file name="helper.js" path="/Users/jim/Desktop/itemis-coding-challenge/src/helper.js">
      <metrics statements="33" coveredstatements="32" conditionals="11" coveredconditionals="10" methods="3" coveredmethods="3"/>
      <line num="2" count="5" type="stmt"/>
      <line num="4" count="5" type="stmt"/>
      <line num="7" count="5" type="stmt"/>
      <line num="10" count="5" type="stmt"/>
      <line num="16" count="5" type="cond" truecount="5" falsecount="0"/>
      <line num="17" count="1" type="stmt"/>
      <line num="19" count="4" type="stmt"/>
      <line num="25" count="12" type="stmt"/>
      <line num="28" count="12" type="stmt"/>
      <line num="31" count="12" type="stmt"/>
      <line num="33" count="12" type="stmt"/>
      <line num="34" count="12" type="stmt"/>
      <line num="36" count="12" type="stmt"/>
      <line num="37" count="12" type="stmt"/>
      <line num="38" count="12" type="stmt"/>
      <line num="40" count="12" type="stmt"/>
      <line num="45" count="4" type="stmt"/>
      <line num="48" count="4" type="stmt"/>
      <line num="51" count="4" type="stmt"/>
      <line num="54" count="4" type="stmt"/>
      <line num="57" count="4" type="cond" truecount="2" falsecount="0"/>
      <line num="58" count="1" type="stmt"/>
      <line num="62" count="4" type="stmt"/>
      <line num="63" count="11" type="stmt"/>
      <line num="64" count="19" type="cond" truecount="2" falsecount="0"/>
      <line num="65" count="8" type="stmt"/>
      <line num="66" count="8" type="stmt"/>
      <line num="72" count="4" type="cond" truecount="1" falsecount="1"/>
      <line num="74" count="4" type="stmt"/>
      <line num="77" count="4" type="stmt"/>
      <line num="79" count="0" type="stmt"/>
      <line num="82" count="4" type="stmt"/>
      <line num="85" count="2" type="stmt"/>
    </file>
    <file name="mockData.js" path="/Users/jim/Desktop/itemis-coding-challenge/src/mockData.js">
      <metrics statements="5" coveredstatements="5" conditionals="0" coveredconditionals="0" methods="0" coveredmethods="0"/>
      <line num="1" count="2" type="stmt"/>
      <line num="7" count="2" type="stmt"/>
      <line num="12" count="2" type="stmt"/>
      <line num="19" count="2" type="stmt"/>
      <line num="25" count="2" type="stmt"/>
    </file>
    <file name="script.js" path="/Users/jim/Desktop/itemis-coding-challenge/src/script.js">
      <metrics statements="19" coveredstatements="18" conditionals="2" coveredconditionals="1" methods="1" coveredmethods="1"/>
      <line num="9" count="1" type="stmt"/>
      <line num="11" count="1" type="stmt"/>
      <line num="12" count="1" type="stmt"/>
      <line num="13" count="1" type="stmt"/>
      <line num="18" count="1" type="stmt"/>
      <line num="19" count="1" type="stmt"/>
      <line num="20" count="1" type="stmt"/>
      <line num="24" count="1" type="cond" truecount="1" falsecount="1"/>
      <line num="25" count="0" type="stmt"/>
      <line num="27" count="1" type="stmt"/>
      <line num="29" count="3" type="stmt"/>
      <line num="30" count="3" type="stmt"/>
      <line num="36" count="3" type="stmt"/>
      <line num="37" count="3" type="stmt"/>
      <line num="38" count="3" type="stmt"/>
      <line num="40" count="1" type="stmt"/>
      <line num="41" count="1" type="stmt"/>
      <line num="43" count="1" type="stmt"/>
      <line num="46" count="1" type="stmt"/>
    </file>
  </project>
</coverage>
