{"/Users/jim/Desktop/itemis-coding-challenge/src/helper.js": {"path":"/Users/jim/Desktop/itemis-coding-challenge/src/helper.js","statementMap":{"0":{"start":{"line":2,"column":1},"end":{"line":20,"column":2}},"1":{"start":{"line":4,"column":26},"end":{"line":4,"column":47}},"2":{"start":{"line":7,"column":17},"end":{"line":7,"column":43}},"3":{"start":{"line":10,"column":16},"end":{"line":10,"column":67}},"4":{"start":{"line":16,"column":2},"end":{"line":18,"column":3}},"5":{"start":{"line":17,"column":3},"end":{"line":17,"column":16}},"6":{"start":{"line":19,"column":2},"end":{"line":19,"column":14}},"7":{"start":{"line":25,"column":18},"end":{"line":25,"column":20}},"8":{"start":{"line":28,"column":15},"end":{"line":28,"column":42}},"9":{"start":{"line":31,"column":14},"end":{"line":31,"column":41}},"10":{"start":{"line":33,"column":27},"end":{"line":33,"column":42}},"11":{"start":{"line":34,"column":14},"end":{"line":34,"column":28}},"12":{"start":{"line":36,"column":1},"end":{"line":36,"column":37}},"13":{"start":{"line":37,"column":1},"end":{"line":37,"column":25}},"14":{"start":{"line":38,"column":1},"end":{"line":38,"column":35}},"15":{"start":{"line":40,"column":1},"end":{"line":40,"column":17}},"16":{"start":{"line":45,"column":22},"end":{"line":45,"column":60}},"17":{"start":{"line":48,"column":13},"end":{"line":48,"column":14}},"18":{"start":{"line":51,"column":21},"end":{"line":51,"column":22}},"19":{"start":{"line":54,"column":16},"end":{"line":54,"column":17}},"20":{"start":{"line":57,"column":1},"end":{"line":59,"column":2}},"21":{"start":{"line":58,"column":2},"end":{"line":58,"column":21}},"22":{"start":{"line":62,"column":1},"end":{"line":67,"column":2}},"23":{"start":{"line":63,"column":2},"end":{"line":66,"column":3}},"24":{"start":{"line":64,"column":3},"end":{"line":64,"column":21}},"25":{"start":{"line":65,"column":3},"end":{"line":65,"column":9}},"26":{"start":{"line":70,"column":1},"end":{"line":78,"column":2}},"27":{"start":{"line":72,"column":2},"end":{"line":72,"column":65}},"28":{"start":{"line":75,"column":2},"end":{"line":75,"column":65}},"29":{"start":{"line":77,"column":2},"end":{"line":77,"column":33}},"30":{"start":{"line":80,"column":2},"end":{"line":80,"column":35}},"31":{"start":{"line":83,"column":0},"end":{"line":83,"column":80}}},"fnMap":{"0":{"name":"checkItemDetails","decl":{"start":{"line":1,"column":9},"end":{"line":1,"column":25}},"loc":{"start":{"line":1,"column":39},"end":{"line":21,"column":1}},"line":1},"1":{"name":"extractInformation","decl":{"start":{"line":23,"column":9},"end":{"line":23,"column":27}},"loc":{"start":{"line":23,"column":40},"end":{"line":41,"column":1}},"line":23},"2":{"name":"calculatePriceAndTax","decl":{"start":{"line":43,"column":9},"end":{"line":43,"column":29}},"loc":{"start":{"line":43,"column":71},"end":{"line":81,"column":1}},"line":43}},"branchMap":{"0":{"loc":{"start":{"line":16,"column":2},"end":{"line":18,"column":3}},"type":"if","locations":[{"start":{"line":16,"column":2},"end":{"line":18,"column":3}},{"start":{},"end":{}}],"line":16},"1":{"loc":{"start":{"line":16,"column":6},"end":{"line":16,"column":69}},"type":"binary-expr","locations":[{"start":{"line":16,"column":6},"end":{"line":16,"column":34}},{"start":{"line":16,"column":38},"end":{"line":16,"column":52}},{"start":{"line":16,"column":56},"end":{"line":16,"column":69}}],"line":16},"2":{"loc":{"start":{"line":57,"column":1},"end":{"line":59,"column":2}},"type":"if","locations":[{"start":{"line":57,"column":1},"end":{"line":59,"column":2}},{"start":{},"end":{}}],"line":57},"3":{"loc":{"start":{"line":63,"column":2},"end":{"line":66,"column":3}},"type":"if","locations":[{"start":{"line":63,"column":2},"end":{"line":66,"column":3}},{"start":{},"end":{}}],"line":63},"4":{"loc":{"start":{"line":70,"column":1},"end":{"line":78,"column":2}},"type":"if","locations":[{"start":{"line":70,"column":1},"end":{"line":78,"column":2}},{"start":{"line":76,"column":8},"end":{"line":78,"column":2}}],"line":70}},"s":{"0":5,"1":5,"2":5,"3":5,"4":5,"5":1,"6":4,"7":12,"8":12,"9":12,"10":12,"11":12,"12":12,"13":12,"14":12,"15":12,"16":3,"17":3,"18":3,"19":3,"20":3,"21":0,"22":3,"23":5,"24":1,"25":1,"26":3,"27":1,"28":1,"29":2,"30":3,"31":2},"f":{"0":5,"1":12,"2":3},"b":{"0":[1,4],"1":[5,4,4],"2":[0,3],"3":[1,4],"4":[1,2]},"_coverageSchema":"1a1c01bbd47fc00a2c39e90264f33305004495a9","hash":"371086b9422d537c9c3de90a730b17cc6561b47e"}
,"/Users/jim/Desktop/itemis-coding-challenge/src/mockData.js": {"path":"/Users/jim/Desktop/itemis-coding-challenge/src/mockData.js","statementMap":{"0":{"start":{"line":1,"column":15},"end":{"line":5,"column":1}},"1":{"start":{"line":7,"column":15},"end":{"line":10,"column":1}},"2":{"start":{"line":12,"column":15},"end":{"line":17,"column":1}},"3":{"start":{"line":19,"column":21},"end":{"line":23,"column":1}},"4":{"start":{"line":25,"column":0},"end":{"line":25,"column":56}}},"fnMap":{},"branchMap":{},"s":{"0":2,"1":2,"2":2,"3":2,"4":2},"f":{},"b":{},"_coverageSchema":"1a1c01bbd47fc00a2c39e90264f33305004495a9","hash":"51ea7e7e42d9ff6a23407d5863ef7b547b7e42a8"}
,"/Users/jim/Desktop/itemis-coding-challenge/src/script.js": {"path":"/Users/jim/Desktop/itemis-coding-challenge/src/script.js","statementMap":{"0":{"start":{"line":9,"column":71},"end":{"line":9,"column":90}},"1":{"start":{"line":11,"column":17},"end":{"line":11,"column":19}},"2":{"start":{"line":12,"column":18},"end":{"line":12,"column":19}},"3":{"start":{"line":13,"column":15},"end":{"line":13,"column":20}},"4":{"start":{"line":14,"column":14},"end":{"line":14,"column":16}},"5":{"start":{"line":15,"column":25},"end":{"line":15,"column":26}},"6":{"start":{"line":16,"column":20},"end":{"line":16,"column":21}},"7":{"start":{"line":17,"column":17},"end":{"line":17,"column":40}},"8":{"start":{"line":21,"column":1},"end":{"line":40,"column":2}},"9":{"start":{"line":22,"column":2},"end":{"line":22,"column":25}},"10":{"start":{"line":24,"column":2},"end":{"line":37,"column":3}},"11":{"start":{"line":26,"column":20},"end":{"line":26,"column":50}},"12":{"start":{"line":27,"column":37},"end":{"line":32,"column":4}},"13":{"start":{"line":33,"column":3},"end":{"line":33,"column":98}},"14":{"start":{"line":34,"column":3},"end":{"line":34,"column":39}},"15":{"start":{"line":35,"column":3},"end":{"line":35,"column":29}},"16":{"start":{"line":38,"column":2},"end":{"line":38,"column":58}},"17":{"start":{"line":39,"column":2},"end":{"line":39,"column":55}},"18":{"start":{"line":41,"column":1},"end":{"line":41,"column":22}},"19":{"start":{"line":44,"column":0},"end":{"line":44,"column":32}}},"fnMap":{"0":{"name":"receiptDetails","decl":{"start":{"line":19,"column":9},"end":{"line":19,"column":23}},"loc":{"start":{"line":19,"column":37},"end":{"line":42,"column":1}},"line":19}},"branchMap":{"0":{"loc":{"start":{"line":21,"column":1},"end":{"line":40,"column":2}},"type":"if","locations":[{"start":{"line":21,"column":1},"end":{"line":40,"column":2}},{"start":{"line":23,"column":8},"end":{"line":40,"column":2}}],"line":21}},"s":{"0":1,"1":1,"2":1,"3":1,"4":1,"5":1,"6":1,"7":1,"8":1,"9":0,"10":1,"11":3,"12":3,"13":3,"14":3,"15":3,"16":1,"17":1,"18":1,"19":1},"f":{"0":1},"b":{"0":[0,1]},"_coverageSchema":"1a1c01bbd47fc00a2c39e90264f33305004495a9","hash":"80224c7bcd75e800643db46a5f0060d49302ae06"}
}
