TN:
SF:src/helper.js
FN:1,checkItemDetails
FN:23,extractInformation
FN:43,calculatePriceAndTax
FNF:3
FNH:3
FNDA:5,checkItemDetails
FNDA:12,extractInformation
FNDA:4,calculatePriceAndTax
DA:2,5
DA:4,5
DA:7,5
DA:10,5
DA:16,5
DA:17,1
DA:19,4
DA:25,12
DA:28,12
DA:31,12
DA:33,12
DA:34,12
DA:36,12
DA:37,12
DA:38,12
DA:40,12
DA:45,4
DA:48,4
DA:51,4
DA:54,4
DA:57,4
DA:58,1
DA:62,4
DA:63,11
DA:64,19
DA:65,8
DA:66,8
DA:72,4
DA:74,4
DA:77,4
DA:79,0
DA:82,4
DA:85,2
LF:33
LH:32
BRDA:16,0,0,1
BRDA:16,0,1,4
BRDA:16,1,0,5
BRDA:16,1,1,4
BRDA:16,1,2,4
BRDA:57,2,0,1
BRDA:57,2,1,3
BRDA:64,3,0,8
BRDA:64,3,1,11
BRDA:72,4,0,4
BRDA:72,4,1,0
BRF:11
BRH:10
end_of_record
TN:
SF:src/mockData.js
FNF:0
FNH:0
DA:1,2
DA:7,2
DA:12,2
DA:19,2
DA:25,2
LF:5
LH:5
BRF:0
BRH:0
end_of_record
TN:
SF:src/script.js
FN:22,receiptDetails
FNF:1
FNH:1
FNDA:1,receiptDetails
DA:9,1
DA:11,1
DA:12,1
DA:13,1
DA:18,1
DA:19,1
DA:20,1
DA:24,1
DA:25,0
DA:27,1
DA:29,3
DA:30,3
DA:36,3
DA:37,3
DA:38,3
DA:40,1
DA:41,1
DA:43,1
DA:46,1
LF:19
LH:18
BRDA:24,0,0,0
BRDA:24,0,1,1
BRF:2
BRH:1
end_of_record
