TN:
SF:src/helper.js
FN:1,checkItemDetails
FN:23,extractInformation
FN:43,calculatePriceAndTax
FNF:3
FNH:3
FNDA:5,checkItemDetails
FNDA:12,extractInformation
FNDA:3,calculatePriceAndTax
DA:2,5
DA:4,5
DA:7,5
DA:10,5
DA:16,5
DA:17,1
DA:19,4
DA:25,12
DA:28,12
DA:31,12
DA:33,12
DA:34,12
DA:36,12
DA:37,12
DA:38,12
DA:40,12
DA:45,3
DA:48,3
DA:51,3
DA:54,3
DA:57,3
DA:58,0
DA:62,3
DA:63,5
DA:64,1
DA:65,1
DA:70,3
DA:72,1
DA:75,1
DA:77,2
DA:80,3
DA:83,2
LF:32
LH:31
BRDA:16,0,0,1
BRDA:16,0,1,4
BRDA:16,1,0,5
BRDA:16,1,1,4
BRDA:16,1,2,4
BRDA:57,2,0,0
BRDA:57,2,1,3
BRDA:63,3,0,1
BRDA:63,3,1,4
BRDA:70,4,0,1
BRDA:70,4,1,2
BRF:11
BRH:10
end_of_record
TN:
SF:src/mockData.js
FNF:0
FNH:0
DA:1,2
DA:7,2
DA:12,2
DA:19,2
DA:25,2
LF:5
LH:5
BRF:0
BRH:0
end_of_record
TN:
SF:src/script.js
FN:19,receiptDetails
FNF:1
FNH:1
FNDA:1,receiptDetails
DA:9,1
DA:11,1
DA:12,1
DA:13,1
DA:14,1
DA:15,1
DA:16,1
DA:17,1
DA:21,1
DA:22,0
DA:24,1
DA:26,3
DA:27,3
DA:33,3
DA:34,3
DA:35,3
DA:38,1
DA:39,1
DA:41,1
DA:44,1
LF:20
LH:19
BRDA:21,0,0,0
BRDA:21,0,1,1
BRF:2
BRH:1
end_of_record
